2019-02-12 09:01:11.195  INFO 98235 --- [main] com.lianyihui.hongdong.Application       : Starting Application on MacBook-Pro.local with PID 98235 (/Users/penghaoyou/lianyihongdong/target/classes started by penghaoyou in /Users/penghaoyou/lianyihongdong)
2019-02-12 09:01:11.199  INFO 98235 --- [main] com.lianyihui.hongdong.Application       : No active profile set, falling back to default profiles: default
2019-02-12 09:01:11.426  INFO 98235 --- [main] ationConfigEmbeddedWebApplicationContext : Refreshing org.springframework.boot.context.embedded.AnnotationConfigEmbeddedWebApplicationContext@8317c52: startup date [Tue Feb 12 09:01:11 CST 2019]; root of context hierarchy
2019-02-12 09:01:12.340  INFO 98235 --- [main] o.s.b.f.s.DefaultListableBeanFactory     : Overriding bean definition for bean 'dataSource' with a different definition: replacing [Root bean: class [null]; scope=; abstract=false; lazyInit=false; autowireMode=3; dependencyCheck=0; autowireCandidate=true; primary=false; factoryBeanName=org.springframework.boot.autoconfigure.jdbc.DataSourceConfiguration$Dbcp; factoryMethodName=dataSource; initMethodName=null; destroyMethodName=(inferred); defined in class path resource [org/springframework/boot/autoconfigure/jdbc/DataSourceConfiguration$Dbcp.class]] with [Root bean: class [null]; scope=; abstract=false; lazyInit=false; autowireMode=3; dependencyCheck=0; autowireCandidate=true; primary=false; factoryBeanName=org.springframework.boot.autoconfigure.jdbc.DataSourceConfiguration$Tomcat; factoryMethodName=dataSource; initMethodName=null; destroyMethodName=(inferred); defined in class path resource [org/springframework/boot/autoconfigure/jdbc/DataSourceConfiguration$Tomcat.class]]
2019-02-12 09:01:12.886  INFO 98235 --- [main] f.a.AutowiredAnnotationBeanPostProcessor : JSR-330 'javax.inject.Inject' annotation found and supported for autowiring
2019-02-12 09:01:13.436  INFO 98235 --- [main] org.eclipse.jetty.util.log               : Logging initialized @20943ms to org.eclipse.jetty.util.log.Slf4jLog
2019-02-12 09:01:13.561  INFO 98235 --- [main] e.j.JettyEmbeddedServletContainerFactory : Server initialized with port: 8090
2019-02-12 09:01:13.563  INFO 98235 --- [main] org.eclipse.jetty.server.Server          : jetty-9.4.4.v20170414
2019-02-12 09:01:13.678  INFO 98235 --- [main] org.eclipse.jetty.server.session         : DefaultSessionIdManager workerName=node0
2019-02-12 09:01:13.678  INFO 98235 --- [main] org.eclipse.jetty.server.session         : No SessionScavenger set, using defaults
2019-02-12 09:01:13.680  INFO 98235 --- [main] org.eclipse.jetty.server.session         : Scavenging every 600000ms
2019-02-12 09:01:13.687  INFO 98235 --- [main] o.e.j.s.h.ContextHandler.application     : Initializing Spring embedded WebApplicationContext
2019-02-12 09:01:13.688  INFO 98235 --- [main] o.s.web.context.ContextLoader            : Root WebApplicationContext: initialization completed in 2275 ms
2019-02-12 09:01:13.993  INFO 98235 --- [main] o.s.b.w.servlet.ServletRegistrationBean  : Mapping servlet: 'dispatcherServlet' to [/]
2019-02-12 09:01:13.995  INFO 98235 --- [main] o.s.b.w.servlet.FilterRegistrationBean   : Mapping filter: 'metricsFilter' to: [/*]
2019-02-12 09:01:13.995  INFO 98235 --- [main] o.s.b.w.servlet.FilterRegistrationBean   : Mapping filter: 'characterEncodingFilter' to: [/*]
2019-02-12 09:01:13.995  INFO 98235 --- [main] o.s.b.w.servlet.FilterRegistrationBean   : Mapping filter: 'hiddenHttpMethodFilter' to: [/*]
2019-02-12 09:01:13.995  INFO 98235 --- [main] o.s.b.w.servlet.FilterRegistrationBean   : Mapping filter: 'httpPutFormContentFilter' to: [/*]
2019-02-12 09:01:13.996  INFO 98235 --- [main] o.s.b.w.servlet.FilterRegistrationBean   : Mapping filter: 'requestContextFilter' to: [/*]
2019-02-12 09:01:13.996  INFO 98235 --- [main] o.s.b.w.servlet.FilterRegistrationBean   : Mapping filter: 'webRequestLoggingFilter' to: [/*]
2019-02-12 09:01:13.997  INFO 98235 --- [main] o.s.b.w.servlet.FilterRegistrationBean   : Mapping filter: 'applicationContextIdFilter' to: [/*]
2019-02-12 09:01:14.293  INFO 98235 --- [main] o.e.jetty.server.handler.ContextHandler  : Started o.s.b.c.e.j.JettyEmbeddedWebAppContext@14982a82{/,[file:///private/var/folders/h2/fx8c5m_d7z720hv96zwm4ckr0000gn/T/jetty-docbase.7607125763490143568.8090/],AVAILABLE}
2019-02-12 09:01:14.294  INFO 98235 --- [main] org.eclipse.jetty.server.Server          : Started @21803ms
2019-02-12 09:01:15.931  INFO 98235 --- [main] j.LocalContainerEntityManagerFactoryBean : Building JPA container EntityManagerFactory for persistence unit 'default'
2019-02-12 09:01:16.081  INFO 98235 --- [main] o.hibernate.jpa.internal.util.LogHelper  : HHH000204: Processing PersistenceUnitInfo [
	name: default
	...]
2019-02-12 09:01:16.210  INFO 98235 --- [main] org.hibernate.Version                    : HHH000412: Hibernate Core {5.0.12.Final}
2019-02-12 09:01:16.215  INFO 98235 --- [main] org.hibernate.cfg.Environment            : HHH000206: hibernate.properties not found
2019-02-12 09:01:16.222  INFO 98235 --- [main] org.hibernate.cfg.Environment            : HHH000021: Bytecode provider name : javassist
2019-02-12 09:01:16.283  INFO 98235 --- [main] o.hibernate.annotations.common.Version   : HCANN000001: Hibernate Commons Annotations {5.0.1.Final}
2019-02-12 09:01:16.428  INFO 98235 --- [main] org.hibernate.dialect.Dialect            : HHH000400: Using dialect: org.hibernate.dialect.MySQL5Dialect
2019-02-12 09:01:17.012  INFO 98235 --- [main] j.LocalContainerEntityManagerFactoryBean : Initialized JPA EntityManagerFactory for persistence unit 'default'
2019-02-12 09:01:17.881  INFO 98235 --- [main] s.w.s.m.m.a.RequestMappingHandlerAdapter : Looking for @ControllerAdvice: org.springframework.boot.context.embedded.AnnotationConfigEmbeddedWebApplicationContext@8317c52: startup date [Tue Feb 12 09:01:11 CST 2019]; root of context hierarchy
2019-02-12 09:01:17.971  INFO 98235 --- [main] s.w.s.m.m.a.RequestMappingHandlerMapping : Mapped "{[/api/v1/getallcusomer]}" onto public com.lianyihui.hongdong.data.response.APIResponse com.lianyihui.hongdong.controller.CustomerQuery.getAllCustomer()
2019-02-12 09:01:17.977  INFO 98235 --- [main] s.w.s.m.m.a.RequestMappingHandlerMapping : Mapped "{[/error]}" onto public org.springframework.http.ResponseEntity<java.util.Map<java.lang.String, java.lang.Object>> org.springframework.boot.autoconfigure.web.BasicErrorController.error(javax.servlet.http.HttpServletRequest)
2019-02-12 09:01:17.978  INFO 98235 --- [main] s.w.s.m.m.a.RequestMappingHandlerMapping : Mapped "{[/error],produces=[text/html]}" onto public org.springframework.web.servlet.ModelAndView org.springframework.boot.autoconfigure.web.BasicErrorController.errorHtml(javax.servlet.http.HttpServletRequest,javax.servlet.http.HttpServletResponse)
2019-02-12 09:01:18.031  INFO 98235 --- [main] o.s.w.s.handler.SimpleUrlHandlerMapping  : Mapped URL path [/webjars/**] onto handler of type [class org.springframework.web.servlet.resource.ResourceHttpRequestHandler]
2019-02-12 09:01:18.031  INFO 98235 --- [main] o.s.w.s.handler.SimpleUrlHandlerMapping  : Mapped URL path [/**] onto handler of type [class org.springframework.web.servlet.resource.ResourceHttpRequestHandler]
2019-02-12 09:01:18.090  INFO 98235 --- [main] o.s.w.s.handler.SimpleUrlHandlerMapping  : Mapped URL path [/**/favicon.ico] onto handler of type [class org.springframework.web.servlet.resource.ResourceHttpRequestHandler]
2019-02-12 09:01:19.057  INFO 98235 --- [main] o.s.b.a.e.mvc.EndpointHandlerMapping     : Mapped "{[/mappings || /mappings.json],methods=[GET],produces=[application/vnd.spring-boot.actuator.v1+json || application/json]}" onto public java.lang.Object org.springframework.boot.actuate.endpoint.mvc.EndpointMvcAdapter.invoke()
2019-02-12 09:01:19.058  INFO 98235 --- [main] o.s.b.a.e.mvc.EndpointHandlerMapping     : Mapped "{[/configprops || /configprops.json],methods=[GET],produces=[application/vnd.spring-boot.actuator.v1+json || application/json]}" onto public java.lang.Object org.springframework.boot.actuate.endpoint.mvc.EndpointMvcAdapter.invoke()
2019-02-12 09:01:19.059  INFO 98235 --- [main] o.s.b.a.e.mvc.EndpointHandlerMapping     : Mapped "{[/heapdump || /heapdump.json],methods=[GET],produces=[application/octet-stream]}" onto public void org.springframework.boot.actuate.endpoint.mvc.HeapdumpMvcEndpoint.invoke(boolean,javax.servlet.http.HttpServletRequest,javax.servlet.http.HttpServletResponse) throws java.io.IOException,javax.servlet.ServletException
2019-02-12 09:01:19.060  INFO 98235 --- [main] o.s.b.a.e.mvc.EndpointHandlerMapping     : Mapped "{[/info || /info.json],methods=[GET],produces=[application/vnd.spring-boot.actuator.v1+json || application/json]}" onto public java.lang.Object org.springframework.boot.actuate.endpoint.mvc.EndpointMvcAdapter.invoke()
2019-02-12 09:01:19.061  INFO 98235 --- [main] o.s.b.a.e.mvc.EndpointHandlerMapping     : Mapped "{[/auditevents || /auditevents.json],methods=[GET],produces=[application/vnd.spring-boot.actuator.v1+json || application/json]}" onto public org.springframework.http.ResponseEntity<?> org.springframework.boot.actuate.endpoint.mvc.AuditEventsMvcEndpoint.findByPrincipalAndAfterAndType(java.lang.String,java.util.Date,java.lang.String)
2019-02-12 09:01:19.063  INFO 98235 --- [main] o.s.b.a.e.mvc.EndpointHandlerMapping     : Mapped "{[/metrics/{name:.*}],methods=[GET],produces=[application/vnd.spring-boot.actuator.v1+json || application/json]}" onto public java.lang.Object org.springframework.boot.actuate.endpoint.mvc.MetricsMvcEndpoint.value(java.lang.String)
2019-02-12 09:01:19.063  INFO 98235 --- [main] o.s.b.a.e.mvc.EndpointHandlerMapping     : Mapped "{[/metrics || /metrics.json],methods=[GET],produces=[application/vnd.spring-boot.actuator.v1+json || application/json]}" onto public java.lang.Object org.springframework.boot.actuate.endpoint.mvc.EndpointMvcAdapter.invoke()
2019-02-12 09:01:19.066  INFO 98235 --- [main] o.s.b.a.e.mvc.EndpointHandlerMapping     : Mapped "{[/loggers/{name:.*}],methods=[GET],produces=[application/vnd.spring-boot.actuator.v1+json || application/json]}" onto public java.lang.Object org.springframework.boot.actuate.endpoint.mvc.LoggersMvcEndpoint.get(java.lang.String)
2019-02-12 09:01:19.067  INFO 98235 --- [main] o.s.b.a.e.mvc.EndpointHandlerMapping     : Mapped "{[/loggers/{name:.*}],methods=[POST],consumes=[application/vnd.spring-boot.actuator.v1+json || application/json],produces=[application/vnd.spring-boot.actuator.v1+json || application/json]}" onto public java.lang.Object org.springframework.boot.actuate.endpoint.mvc.LoggersMvcEndpoint.set(java.lang.String,java.util.Map<java.lang.String, java.lang.String>)
2019-02-12 09:01:19.067  INFO 98235 --- [main] o.s.b.a.e.mvc.EndpointHandlerMapping     : Mapped "{[/loggers || /loggers.json],methods=[GET],produces=[application/vnd.spring-boot.actuator.v1+json || application/json]}" onto public java.lang.Object org.springframework.boot.actuate.endpoint.mvc.EndpointMvcAdapter.invoke()
2019-02-12 09:01:19.068  INFO 98235 --- [main] o.s.b.a.e.mvc.EndpointHandlerMapping     : Mapped "{[/autoconfig || /autoconfig.json],methods=[GET],produces=[application/vnd.spring-boot.actuator.v1+json || application/json]}" onto public java.lang.Object org.springframework.boot.actuate.endpoint.mvc.EndpointMvcAdapter.invoke()
2019-02-12 09:01:19.069  INFO 98235 --- [main] o.s.b.a.e.mvc.EndpointHandlerMapping     : Mapped "{[/logfile || /logfile.json],methods=[GET || HEAD]}" onto public void org.springframework.boot.actuate.endpoint.mvc.LogFileMvcEndpoint.invoke(javax.servlet.http.HttpServletRequest,javax.servlet.http.HttpServletResponse) throws javax.servlet.ServletException,java.io.IOException
2019-02-12 09:01:19.070  INFO 98235 --- [main] o.s.b.a.e.mvc.EndpointHandlerMapping     : Mapped "{[/beans || /beans.json],methods=[GET],produces=[application/vnd.spring-boot.actuator.v1+json || application/json]}" onto public java.lang.Object org.springframework.boot.actuate.endpoint.mvc.EndpointMvcAdapter.invoke()
2019-02-12 09:01:19.071  INFO 98235 --- [main] o.s.b.a.e.mvc.EndpointHandlerMapping     : Mapped "{[/dump || /dump.json],methods=[GET],produces=[application/vnd.spring-boot.actuator.v1+json || application/json]}" onto public java.lang.Object org.springframework.boot.actuate.endpoint.mvc.EndpointMvcAdapter.invoke()
2019-02-12 09:01:19.071  INFO 98235 --- [main] o.s.b.a.e.mvc.EndpointHandlerMapping     : Mapped "{[/trace || /trace.json],methods=[GET],produces=[application/vnd.spring-boot.actuator.v1+json || application/json]}" onto public java.lang.Object org.springframework.boot.actuate.endpoint.mvc.EndpointMvcAdapter.invoke()
2019-02-12 09:01:19.072  INFO 98235 --- [main] o.s.b.a.e.mvc.EndpointHandlerMapping     : Mapped "{[/env/{name:.*}],methods=[GET],produces=[application/vnd.spring-boot.actuator.v1+json || application/json]}" onto public java.lang.Object org.springframework.boot.actuate.endpoint.mvc.EnvironmentMvcEndpoint.value(java.lang.String)
2019-02-12 09:01:19.073  INFO 98235 --- [main] o.s.b.a.e.mvc.EndpointHandlerMapping     : Mapped "{[/env || /env.json],methods=[GET],produces=[application/vnd.spring-boot.actuator.v1+json || application/json]}" onto public java.lang.Object org.springframework.boot.actuate.endpoint.mvc.EndpointMvcAdapter.invoke()
2019-02-12 09:01:19.074  INFO 98235 --- [main] o.s.b.a.e.mvc.EndpointHandlerMapping     : Mapped "{[/health || /health.json],methods=[GET],produces=[application/vnd.spring-boot.actuator.v1+json || application/json]}" onto public java.lang.Object org.springframework.boot.actuate.endpoint.mvc.HealthMvcEndpoint.invoke(javax.servlet.http.HttpServletRequest,java.security.Principal)
2019-02-12 09:01:19.505  INFO 98235 --- [main] o.s.j.e.a.AnnotationMBeanExporter        : Registering beans for JMX exposure on startup
2019-02-12 09:01:19.517  INFO 98235 --- [main] o.s.c.support.DefaultLifecycleProcessor  : Starting beans in phase 0
2019-02-12 09:01:19.602  INFO 98235 --- [main] o.e.j.s.h.ContextHandler.application     : Initializing Spring FrameworkServlet 'dispatcherServlet'
2019-02-12 09:01:19.602  INFO 98235 --- [main] o.s.web.servlet.DispatcherServlet        : FrameworkServlet 'dispatcherServlet': initialization started
2019-02-12 09:01:19.627  INFO 98235 --- [main] o.s.web.servlet.DispatcherServlet        : FrameworkServlet 'dispatcherServlet': initialization completed in 24 ms
2019-02-12 09:01:19.645  INFO 98235 --- [main] org.mortbay.log                          : Logging to Logger[org.mortbay.log] via org.mortbay.log.Slf4jLog
2019-02-12 09:01:19.742  INFO 98235 --- [main] o.e.jetty.server.AbstractConnector       : Started ServerConnector@6501b105{HTTP/1.1,[http/1.1]}{0.0.0.0:8090}
2019-02-12 09:01:19.745  INFO 98235 --- [main] .s.b.c.e.j.JettyEmbeddedServletContainer : Jetty started on port(s) 8090 (http/1.1)
2019-02-12 09:01:19.752  INFO 98235 --- [main] com.lianyihui.hongdong.Application       : Started Application in 19.795 seconds (JVM running for 27.26)
2019-02-12 09:03:01.965  INFO 98235 --- [Thread-60] ationConfigEmbeddedWebApplicationContext : Closing org.springframework.boot.context.embedded.AnnotationConfigEmbeddedWebApplicationContext@8317c52: startup date [Tue Feb 12 09:01:11 CST 2019]; root of context hierarchy
2019-02-12 09:03:02.031  INFO 98235 --- [Thread-60] o.s.c.support.DefaultLifecycleProcessor  : Stopping beans in phase 0
2019-02-12 09:03:02.055  INFO 98235 --- [Thread-60] o.s.j.e.a.AnnotationMBeanExporter        : Unregistering JMX-exposed beans on shutdown
2019-02-12 09:03:02.056  INFO 98235 --- [Thread-60] j.LocalContainerEntityManagerFactoryBean : Closing JPA EntityManagerFactory for persistence unit 'default'
2019-02-12 09:03:02.121  INFO 98235 --- [Thread-60] o.e.jetty.server.AbstractConnector       : Stopped ServerConnector@6501b105{HTTP/1.1,[http/1.1]}{0.0.0.0:8090}
2019-02-12 09:03:02.123  INFO 98235 --- [Thread-60] org.eclipse.jetty.server.session         : Stopped scavenging
2019-02-12 09:03:02.142  INFO 98235 --- [Thread-60] o.e.j.s.h.ContextHandler.application     : Destroying Spring FrameworkServlet 'dispatcherServlet'
2019-02-12 09:03:02.144  INFO 98235 --- [Thread-60] o.e.jetty.server.handler.ContextHandler  : Stopped o.s.b.c.e.j.JettyEmbeddedWebAppContext@14982a82{/,[file:///private/var/folders/h2/fx8c5m_d7z720hv96zwm4ckr0000gn/T/jetty-docbase.7607125763490143568.8090/],UNAVAILABLE}
2019-02-12 09:03:45.229  INFO 98518 --- [main] com.lianyihui.hongdong.Application       : Starting Application on MacBook-Pro.local with PID 98518 (/Users/penghaoyou/lianyihongdong/target/classes started by penghaoyou in /Users/penghaoyou/lianyihongdong)
2019-02-12 09:03:45.234  INFO 98518 --- [main] com.lianyihui.hongdong.Application       : No active profile set, falling back to default profiles: default
2019-02-12 09:03:45.474  INFO 98518 --- [main] ationConfigEmbeddedWebApplicationContext : Refreshing org.springframework.boot.context.embedded.AnnotationConfigEmbeddedWebApplicationContext@2f48b3d2: startup date [Tue Feb 12 09:03:45 CST 2019]; root of context hierarchy
2019-02-12 09:03:46.324  INFO 98518 --- [main] o.s.b.f.s.DefaultListableBeanFactory     : Overriding bean definition for bean 'dataSource' with a different definition: replacing [Root bean: class [null]; scope=; abstract=false; lazyInit=false; autowireMode=3; dependencyCheck=0; autowireCandidate=true; primary=false; factoryBeanName=org.springframework.boot.autoconfigure.jdbc.DataSourceConfiguration$Dbcp; factoryMethodName=dataSource; initMethodName=null; destroyMethodName=(inferred); defined in class path resource [org/springframework/boot/autoconfigure/jdbc/DataSourceConfiguration$Dbcp.class]] with [Root bean: class [null]; scope=; abstract=false; lazyInit=false; autowireMode=3; dependencyCheck=0; autowireCandidate=true; primary=false; factoryBeanName=org.springframework.boot.autoconfigure.jdbc.DataSourceConfiguration$Tomcat; factoryMethodName=dataSource; initMethodName=null; destroyMethodName=(inferred); defined in class path resource [org/springframework/boot/autoconfigure/jdbc/DataSourceConfiguration$Tomcat.class]]
2019-02-12 09:03:46.916  INFO 98518 --- [main] f.a.AutowiredAnnotationBeanPostProcessor : JSR-330 'javax.inject.Inject' annotation found and supported for autowiring
2019-02-12 09:03:47.548  INFO 98518 --- [main] org.eclipse.jetty.util.log               : Logging initialized @20321ms to org.eclipse.jetty.util.log.Slf4jLog
2019-02-12 09:03:47.657  INFO 98518 --- [main] e.j.JettyEmbeddedServletContainerFactory : Server initialized with port: 8090
2019-02-12 09:03:47.659  INFO 98518 --- [main] org.eclipse.jetty.server.Server          : jetty-9.4.4.v20170414
2019-02-12 09:03:47.747  INFO 98518 --- [main] org.eclipse.jetty.server.session         : DefaultSessionIdManager workerName=node0
2019-02-12 09:03:47.747  INFO 98518 --- [main] org.eclipse.jetty.server.session         : No SessionScavenger set, using defaults
2019-02-12 09:03:47.749  INFO 98518 --- [main] org.eclipse.jetty.server.session         : Scavenging every 660000ms
2019-02-12 09:03:47.755  INFO 98518 --- [main] o.e.j.s.h.ContextHandler.application     : Initializing Spring embedded WebApplicationContext
2019-02-12 09:03:47.755  INFO 98518 --- [main] o.s.web.context.ContextLoader            : Root WebApplicationContext: initialization completed in 2300 ms
2019-02-12 09:03:48.229  INFO 98518 --- [main] o.s.b.w.servlet.ServletRegistrationBean  : Mapping servlet: 'dispatcherServlet' to [/]
2019-02-12 09:03:48.233  INFO 98518 --- [main] o.s.b.w.servlet.FilterRegistrationBean   : Mapping filter: 'metricsFilter' to: [/*]
2019-02-12 09:03:48.233  INFO 98518 --- [main] o.s.b.w.servlet.FilterRegistrationBean   : Mapping filter: 'characterEncodingFilter' to: [/*]
2019-02-12 09:03:48.233  INFO 98518 --- [main] o.s.b.w.servlet.FilterRegistrationBean   : Mapping filter: 'hiddenHttpMethodFilter' to: [/*]
2019-02-12 09:03:48.233  INFO 98518 --- [main] o.s.b.w.servlet.FilterRegistrationBean   : Mapping filter: 'httpPutFormContentFilter' to: [/*]
2019-02-12 09:03:48.234  INFO 98518 --- [main] o.s.b.w.servlet.FilterRegistrationBean   : Mapping filter: 'requestContextFilter' to: [/*]
2019-02-12 09:03:48.234  INFO 98518 --- [main] o.s.b.w.servlet.FilterRegistrationBean   : Mapping filter: 'webRequestLoggingFilter' to: [/*]
2019-02-12 09:03:48.234  INFO 98518 --- [main] o.s.b.w.servlet.FilterRegistrationBean   : Mapping filter: 'applicationContextIdFilter' to: [/*]
2019-02-12 09:03:48.554  INFO 98518 --- [main] o.e.jetty.server.handler.ContextHandler  : Started o.s.b.c.e.j.JettyEmbeddedWebAppContext@38588dea{/,[file:///private/var/folders/h2/fx8c5m_d7z720hv96zwm4ckr0000gn/T/jetty-docbase.5368766318252185975.8090/],AVAILABLE}
2019-02-12 09:03:48.555  INFO 98518 --- [main] org.eclipse.jetty.server.Server          : Started @21328ms
2019-02-12 09:03:51.725  INFO 98518 --- [main] j.LocalContainerEntityManagerFactoryBean : Building JPA container EntityManagerFactory for persistence unit 'default'
2019-02-12 09:03:51.739  INFO 98518 --- [main] o.hibernate.jpa.internal.util.LogHelper  : HHH000204: Processing PersistenceUnitInfo [
	name: default
	...]
2019-02-12 09:03:51.819  INFO 98518 --- [main] org.hibernate.Version                    : HHH000412: Hibernate Core {5.0.12.Final}
2019-02-12 09:03:51.822  INFO 98518 --- [main] org.hibernate.cfg.Environment            : HHH000206: hibernate.properties not found
2019-02-12 09:03:51.823  INFO 98518 --- [main] org.hibernate.cfg.Environment            : HHH000021: Bytecode provider name : javassist
2019-02-12 09:03:51.884  INFO 98518 --- [main] o.hibernate.annotations.common.Version   : HCANN000001: Hibernate Commons Annotations {5.0.1.Final}
2019-02-12 09:03:52.107  INFO 98518 --- [main] org.hibernate.dialect.Dialect            : HHH000400: Using dialect: org.hibernate.dialect.MySQL5Dialect
2019-02-12 09:03:52.724  INFO 98518 --- [main] j.LocalContainerEntityManagerFactoryBean : Initialized JPA EntityManagerFactory for persistence unit 'default'
2019-02-12 09:03:53.808  INFO 98518 --- [main] s.w.s.m.m.a.RequestMappingHandlerAdapter : Looking for @ControllerAdvice: org.springframework.boot.context.embedded.AnnotationConfigEmbeddedWebApplicationContext@2f48b3d2: startup date [Tue Feb 12 09:03:45 CST 2019]; root of context hierarchy
2019-02-12 09:03:53.896  INFO 98518 --- [main] s.w.s.m.m.a.RequestMappingHandlerMapping : Mapped "{[/api/v1/getallcusomer]}" onto public com.lianyihui.hongdong.data.response.APIResponse com.lianyihui.hongdong.controller.CustomerQuery.getAllCustomer()
2019-02-12 09:03:53.901  INFO 98518 --- [main] s.w.s.m.m.a.RequestMappingHandlerMapping : Mapped "{[/error]}" onto public org.springframework.http.ResponseEntity<java.util.Map<java.lang.String, java.lang.Object>> org.springframework.boot.autoconfigure.web.BasicErrorController.error(javax.servlet.http.HttpServletRequest)
2019-02-12 09:03:53.902  INFO 98518 --- [main] s.w.s.m.m.a.RequestMappingHandlerMapping : Mapped "{[/error],produces=[text/html]}" onto public org.springframework.web.servlet.ModelAndView org.springframework.boot.autoconfigure.web.BasicErrorController.errorHtml(javax.servlet.http.HttpServletRequest,javax.servlet.http.HttpServletResponse)
2019-02-12 09:03:53.956  INFO 98518 --- [main] o.s.w.s.handler.SimpleUrlHandlerMapping  : Mapped URL path [/webjars/**] onto handler of type [class org.springframework.web.servlet.resource.ResourceHttpRequestHandler]
2019-02-12 09:03:53.957  INFO 98518 --- [main] o.s.w.s.handler.SimpleUrlHandlerMapping  : Mapped URL path [/**] onto handler of type [class org.springframework.web.servlet.resource.ResourceHttpRequestHandler]
2019-02-12 09:03:54.080  INFO 98518 --- [main] o.s.w.s.handler.SimpleUrlHandlerMapping  : Mapped URL path [/**/favicon.ico] onto handler of type [class org.springframework.web.servlet.resource.ResourceHttpRequestHandler]
2019-02-12 09:03:55.190  INFO 98518 --- [main] o.s.b.a.e.mvc.EndpointHandlerMapping     : Mapped "{[/logfile || /logfile.json],methods=[GET || HEAD]}" onto public void org.springframework.boot.actuate.endpoint.mvc.LogFileMvcEndpoint.invoke(javax.servlet.http.HttpServletRequest,javax.servlet.http.HttpServletResponse) throws javax.servlet.ServletException,java.io.IOException
2019-02-12 09:03:55.191  INFO 98518 --- [main] o.s.b.a.e.mvc.EndpointHandlerMapping     : Mapped "{[/info || /info.json],methods=[GET],produces=[application/vnd.spring-boot.actuator.v1+json || application/json]}" onto public java.lang.Object org.springframework.boot.actuate.endpoint.mvc.EndpointMvcAdapter.invoke()
2019-02-12 09:03:55.192  INFO 98518 --- [main] o.s.b.a.e.mvc.EndpointHandlerMapping     : Mapped "{[/metrics/{name:.*}],methods=[GET],produces=[application/vnd.spring-boot.actuator.v1+json || application/json]}" onto public java.lang.Object org.springframework.boot.actuate.endpoint.mvc.MetricsMvcEndpoint.value(java.lang.String)
2019-02-12 09:03:55.192  INFO 98518 --- [main] o.s.b.a.e.mvc.EndpointHandlerMapping     : Mapped "{[/metrics || /metrics.json],methods=[GET],produces=[application/vnd.spring-boot.actuator.v1+json || application/json]}" onto public java.lang.Object org.springframework.boot.actuate.endpoint.mvc.EndpointMvcAdapter.invoke()
2019-02-12 09:03:55.193  INFO 98518 --- [main] o.s.b.a.e.mvc.EndpointHandlerMapping     : Mapped "{[/dump || /dump.json],methods=[GET],produces=[application/vnd.spring-boot.actuator.v1+json || application/json]}" onto public java.lang.Object org.springframework.boot.actuate.endpoint.mvc.EndpointMvcAdapter.invoke()
2019-02-12 09:03:55.195  INFO 98518 --- [main] o.s.b.a.e.mvc.EndpointHandlerMapping     : Mapped "{[/env/{name:.*}],methods=[GET],produces=[application/vnd.spring-boot.actuator.v1+json || application/json]}" onto public java.lang.Object org.springframework.boot.actuate.endpoint.mvc.EnvironmentMvcEndpoint.value(java.lang.String)
2019-02-12 09:03:55.195  INFO 98518 --- [main] o.s.b.a.e.mvc.EndpointHandlerMapping     : Mapped "{[/env || /env.json],methods=[GET],produces=[application/vnd.spring-boot.actuator.v1+json || application/json]}" onto public java.lang.Object org.springframework.boot.actuate.endpoint.mvc.EndpointMvcAdapter.invoke()
2019-02-12 09:03:55.196  INFO 98518 --- [main] o.s.b.a.e.mvc.EndpointHandlerMapping     : Mapped "{[/mappings || /mappings.json],methods=[GET],produces=[application/vnd.spring-boot.actuator.v1+json || application/json]}" onto public java.lang.Object org.springframework.boot.actuate.endpoint.mvc.EndpointMvcAdapter.invoke()
2019-02-12 09:03:55.199  INFO 98518 --- [main] o.s.b.a.e.mvc.EndpointHandlerMapping     : Mapped "{[/configprops || /configprops.json],methods=[GET],produces=[application/vnd.spring-boot.actuator.v1+json || application/json]}" onto public java.lang.Object org.springframework.boot.actuate.endpoint.mvc.EndpointMvcAdapter.invoke()
2019-02-12 09:03:55.200  INFO 98518 --- [main] o.s.b.a.e.mvc.EndpointHandlerMapping     : Mapped "{[/health || /health.json],methods=[GET],produces=[application/vnd.spring-boot.actuator.v1+json || application/json]}" onto public java.lang.Object org.springframework.boot.actuate.endpoint.mvc.HealthMvcEndpoint.invoke(javax.servlet.http.HttpServletRequest,java.security.Principal)
2019-02-12 09:03:55.202  INFO 98518 --- [main] o.s.b.a.e.mvc.EndpointHandlerMapping     : Mapped "{[/loggers/{name:.*}],methods=[GET],produces=[application/vnd.spring-boot.actuator.v1+json || application/json]}" onto public java.lang.Object org.springframework.boot.actuate.endpoint.mvc.LoggersMvcEndpoint.get(java.lang.String)
2019-02-12 09:03:55.203  INFO 98518 --- [main] o.s.b.a.e.mvc.EndpointHandlerMapping     : Mapped "{[/loggers/{name:.*}],methods=[POST],consumes=[application/vnd.spring-boot.actuator.v1+json || application/json],produces=[application/vnd.spring-boot.actuator.v1+json || application/json]}" onto public java.lang.Object org.springframework.boot.actuate.endpoint.mvc.LoggersMvcEndpoint.set(java.lang.String,java.util.Map<java.lang.String, java.lang.String>)
2019-02-12 09:03:55.203  INFO 98518 --- [main] o.s.b.a.e.mvc.EndpointHandlerMapping     : Mapped "{[/loggers || /loggers.json],methods=[GET],produces=[application/vnd.spring-boot.actuator.v1+json || application/json]}" onto public java.lang.Object org.springframework.boot.actuate.endpoint.mvc.EndpointMvcAdapter.invoke()
2019-02-12 09:03:55.204  INFO 98518 --- [main] o.s.b.a.e.mvc.EndpointHandlerMapping     : Mapped "{[/beans || /beans.json],methods=[GET],produces=[application/vnd.spring-boot.actuator.v1+json || application/json]}" onto public java.lang.Object org.springframework.boot.actuate.endpoint.mvc.EndpointMvcAdapter.invoke()
2019-02-12 09:03:55.205  INFO 98518 --- [main] o.s.b.a.e.mvc.EndpointHandlerMapping     : Mapped "{[/heapdump || /heapdump.json],methods=[GET],produces=[application/octet-stream]}" onto public void org.springframework.boot.actuate.endpoint.mvc.HeapdumpMvcEndpoint.invoke(boolean,javax.servlet.http.HttpServletRequest,javax.servlet.http.HttpServletResponse) throws java.io.IOException,javax.servlet.ServletException
2019-02-12 09:03:55.206  INFO 98518 --- [main] o.s.b.a.e.mvc.EndpointHandlerMapping     : Mapped "{[/auditevents || /auditevents.json],methods=[GET],produces=[application/vnd.spring-boot.actuator.v1+json || application/json]}" onto public org.springframework.http.ResponseEntity<?> org.springframework.boot.actuate.endpoint.mvc.AuditEventsMvcEndpoint.findByPrincipalAndAfterAndType(java.lang.String,java.util.Date,java.lang.String)
2019-02-12 09:03:55.207  INFO 98518 --- [main] o.s.b.a.e.mvc.EndpointHandlerMapping     : Mapped "{[/autoconfig || /autoconfig.json],methods=[GET],produces=[application/vnd.spring-boot.actuator.v1+json || application/json]}" onto public java.lang.Object org.springframework.boot.actuate.endpoint.mvc.EndpointMvcAdapter.invoke()
2019-02-12 09:03:55.208  INFO 98518 --- [main] o.s.b.a.e.mvc.EndpointHandlerMapping     : Mapped "{[/trace || /trace.json],methods=[GET],produces=[application/vnd.spring-boot.actuator.v1+json || application/json]}" onto public java.lang.Object org.springframework.boot.actuate.endpoint.mvc.EndpointMvcAdapter.invoke()
2019-02-12 09:03:55.875  INFO 98518 --- [main] o.s.j.e.a.AnnotationMBeanExporter        : Registering beans for JMX exposure on startup
2019-02-12 09:03:55.888  INFO 98518 --- [main] o.s.c.support.DefaultLifecycleProcessor  : Starting beans in phase 0
2019-02-12 09:03:55.974  INFO 98518 --- [main] o.e.j.s.h.ContextHandler.application     : Initializing Spring FrameworkServlet 'dispatcherServlet'
2019-02-12 09:03:55.974  INFO 98518 --- [main] o.s.web.servlet.DispatcherServlet        : FrameworkServlet 'dispatcherServlet': initialization started
2019-02-12 09:03:55.998  INFO 98518 --- [main] o.s.web.servlet.DispatcherServlet        : FrameworkServlet 'dispatcherServlet': initialization completed in 23 ms
2019-02-12 09:03:56.016  INFO 98518 --- [main] org.mortbay.log                          : Logging to Logger[org.mortbay.log] via org.mortbay.log.Slf4jLog
2019-02-12 09:03:56.139  INFO 98518 --- [main] o.e.jetty.server.AbstractConnector       : Started ServerConnector@178ebac3{HTTP/1.1,[http/1.1]}{0.0.0.0:8090}
2019-02-12 09:03:56.142  INFO 98518 --- [main] .s.b.c.e.j.JettyEmbeddedServletContainer : Jetty started on port(s) 8090 (http/1.1)
2019-02-12 09:03:56.150  INFO 98518 --- [main] com.lianyihui.hongdong.Application       : Started Application in 21.411 seconds (JVM running for 28.923)
2019-02-12 09:05:26.254  INFO 98518 --- [Thread-62] ationConfigEmbeddedWebApplicationContext : Closing org.springframework.boot.context.embedded.AnnotationConfigEmbeddedWebApplicationContext@2f48b3d2: startup date [Tue Feb 12 09:03:45 CST 2019]; root of context hierarchy
2019-02-12 09:05:26.304  INFO 98518 --- [Thread-62] o.s.c.support.DefaultLifecycleProcessor  : Stopping beans in phase 0
2019-02-12 09:05:26.320  INFO 98518 --- [Thread-62] o.s.j.e.a.AnnotationMBeanExporter        : Unregistering JMX-exposed beans on shutdown
2019-02-12 09:05:26.321  INFO 98518 --- [Thread-62] j.LocalContainerEntityManagerFactoryBean : Closing JPA EntityManagerFactory for persistence unit 'default'
2019-02-12 09:05:26.395  INFO 98518 --- [Thread-62] o.e.jetty.server.AbstractConnector       : Stopped ServerConnector@178ebac3{HTTP/1.1,[http/1.1]}{0.0.0.0:8090}
2019-02-12 09:05:26.397  INFO 98518 --- [Thread-62] org.eclipse.jetty.server.session         : Stopped scavenging
2019-02-12 09:05:26.435  INFO 98518 --- [Thread-62] o.e.j.s.h.ContextHandler.application     : Destroying Spring FrameworkServlet 'dispatcherServlet'
2019-02-12 09:05:26.437  INFO 98518 --- [Thread-62] o.e.jetty.server.handler.ContextHandler  : Stopped o.s.b.c.e.j.JettyEmbeddedWebAppContext@38588dea{/,[file:///private/var/folders/h2/fx8c5m_d7z720hv96zwm4ckr0000gn/T/jetty-docbase.5368766318252185975.8090/],UNAVAILABLE}
2019-02-12 09:05:55.333  INFO 99164 --- [main] com.lianyihui.hongdong.Application       : Starting Application on MacBook-Pro.local with PID 99164 (/Users/penghaoyou/lianyihongdong/target/classes started by penghaoyou in /Users/penghaoyou/lianyihongdong)
2019-02-12 09:05:55.337  INFO 99164 --- [main] com.lianyihui.hongdong.Application       : No active profile set, falling back to default profiles: default
2019-02-12 09:05:55.526  INFO 99164 --- [main] ationConfigEmbeddedWebApplicationContext : Refreshing org.springframework.boot.context.embedded.AnnotationConfigEmbeddedWebApplicationContext@49872d67: startup date [Tue Feb 12 09:05:55 CST 2019]; root of context hierarchy
2019-02-12 09:05:56.398  INFO 99164 --- [main] o.s.b.f.s.DefaultListableBeanFactory     : Overriding bean definition for bean 'dataSource' with a different definition: replacing [Root bean: class [null]; scope=; abstract=false; lazyInit=false; autowireMode=3; dependencyCheck=0; autowireCandidate=true; primary=false; factoryBeanName=org.springframework.boot.autoconfigure.jdbc.DataSourceConfiguration$Dbcp; factoryMethodName=dataSource; initMethodName=null; destroyMethodName=(inferred); defined in class path resource [org/springframework/boot/autoconfigure/jdbc/DataSourceConfiguration$Dbcp.class]] with [Root bean: class [null]; scope=; abstract=false; lazyInit=false; autowireMode=3; dependencyCheck=0; autowireCandidate=true; primary=false; factoryBeanName=org.springframework.boot.autoconfigure.jdbc.DataSourceConfiguration$Tomcat; factoryMethodName=dataSource; initMethodName=null; destroyMethodName=(inferred); defined in class path resource [org/springframework/boot/autoconfigure/jdbc/DataSourceConfiguration$Tomcat.class]]
2019-02-12 09:05:57.378  INFO 99164 --- [main] f.a.AutowiredAnnotationBeanPostProcessor : JSR-330 'javax.inject.Inject' annotation found and supported for autowiring
2019-02-12 09:05:57.992  INFO 99164 --- [main] org.eclipse.jetty.util.log               : Logging initialized @19594ms to org.eclipse.jetty.util.log.Slf4jLog
2019-02-12 09:05:58.139  INFO 99164 --- [main] e.j.JettyEmbeddedServletContainerFactory : Server initialized with port: 8888
2019-02-12 09:05:58.141  INFO 99164 --- [main] org.eclipse.jetty.server.Server          : jetty-9.4.4.v20170414
2019-02-12 09:05:58.270  INFO 99164 --- [main] org.eclipse.jetty.server.session         : DefaultSessionIdManager workerName=node0
2019-02-12 09:05:58.270  INFO 99164 --- [main] org.eclipse.jetty.server.session         : No SessionScavenger set, using defaults
2019-02-12 09:05:58.272  INFO 99164 --- [main] org.eclipse.jetty.server.session         : Scavenging every 600000ms
2019-02-12 09:05:58.279  INFO 99164 --- [main] o.e.j.s.h.ContextHandler.application     : Initializing Spring embedded WebApplicationContext
2019-02-12 09:05:58.279  INFO 99164 --- [main] o.s.web.context.ContextLoader            : Root WebApplicationContext: initialization completed in 2756 ms
2019-02-12 09:05:58.648  INFO 99164 --- [main] o.s.b.w.servlet.ServletRegistrationBean  : Mapping servlet: 'dispatcherServlet' to [/]
2019-02-12 09:05:58.651  INFO 99164 --- [main] o.s.b.w.servlet.FilterRegistrationBean   : Mapping filter: 'metricsFilter' to: [/*]
2019-02-12 09:05:58.651  INFO 99164 --- [main] o.s.b.w.servlet.FilterRegistrationBean   : Mapping filter: 'characterEncodingFilter' to: [/*]
2019-02-12 09:05:58.652  INFO 99164 --- [main] o.s.b.w.servlet.FilterRegistrationBean   : Mapping filter: 'hiddenHttpMethodFilter' to: [/*]
2019-02-12 09:05:58.652  INFO 99164 --- [main] o.s.b.w.servlet.FilterRegistrationBean   : Mapping filter: 'httpPutFormContentFilter' to: [/*]
2019-02-12 09:05:58.652  INFO 99164 --- [main] o.s.b.w.servlet.FilterRegistrationBean   : Mapping filter: 'requestContextFilter' to: [/*]
2019-02-12 09:05:58.652  INFO 99164 --- [main] o.s.b.w.servlet.FilterRegistrationBean   : Mapping filter: 'webRequestLoggingFilter' to: [/*]
2019-02-12 09:05:58.653  INFO 99164 --- [main] o.s.b.w.servlet.FilterRegistrationBean   : Mapping filter: 'applicationContextIdFilter' to: [/*]
2019-02-12 09:05:58.900  INFO 99164 --- [main] o.e.jetty.server.handler.ContextHandler  : Started o.s.b.c.e.j.JettyEmbeddedWebAppContext@5aa62ee7{/,[file:///private/var/folders/h2/fx8c5m_d7z720hv96zwm4ckr0000gn/T/jetty-docbase.1249351319387082848.8888/],AVAILABLE}
2019-02-12 09:05:58.901  INFO 99164 --- [main] org.eclipse.jetty.server.Server          : Started @20505ms
2019-02-12 09:06:01.182  INFO 99164 --- [main] j.LocalContainerEntityManagerFactoryBean : Building JPA container EntityManagerFactory for persistence unit 'default'
2019-02-12 09:06:01.202  INFO 99164 --- [main] o.hibernate.jpa.internal.util.LogHelper  : HHH000204: Processing PersistenceUnitInfo [
	name: default
	...]
2019-02-12 09:06:01.300  INFO 99164 --- [main] org.hibernate.Version                    : HHH000412: Hibernate Core {5.0.12.Final}
2019-02-12 09:06:01.304  INFO 99164 --- [main] org.hibernate.cfg.Environment            : HHH000206: hibernate.properties not found
2019-02-12 09:06:01.305  INFO 99164 --- [main] org.hibernate.cfg.Environment            : HHH000021: Bytecode provider name : javassist
2019-02-12 09:06:01.377  INFO 99164 --- [main] o.hibernate.annotations.common.Version   : HCANN000001: Hibernate Commons Annotations {5.0.1.Final}
2019-02-12 09:06:01.614  INFO 99164 --- [main] org.hibernate.dialect.Dialect            : HHH000400: Using dialect: org.hibernate.dialect.MySQL5Dialect
2019-02-12 09:06:02.186  INFO 99164 --- [main] j.LocalContainerEntityManagerFactoryBean : Initialized JPA EntityManagerFactory for persistence unit 'default'
2019-02-12 09:06:03.234  INFO 99164 --- [main] s.w.s.m.m.a.RequestMappingHandlerAdapter : Looking for @ControllerAdvice: org.springframework.boot.context.embedded.AnnotationConfigEmbeddedWebApplicationContext@49872d67: startup date [Tue Feb 12 09:05:55 CST 2019]; root of context hierarchy
2019-02-12 09:06:03.318  INFO 99164 --- [main] s.w.s.m.m.a.RequestMappingHandlerMapping : Mapped "{[/api/v1/getallcusomer]}" onto public com.lianyihui.hongdong.data.response.APIResponse com.lianyihui.hongdong.controller.CustomerQuery.getAllCustomer()
2019-02-12 09:06:03.324  INFO 99164 --- [main] s.w.s.m.m.a.RequestMappingHandlerMapping : Mapped "{[/error]}" onto public org.springframework.http.ResponseEntity<java.util.Map<java.lang.String, java.lang.Object>> org.springframework.boot.autoconfigure.web.BasicErrorController.error(javax.servlet.http.HttpServletRequest)
2019-02-12 09:06:03.324  INFO 99164 --- [main] s.w.s.m.m.a.RequestMappingHandlerMapping : Mapped "{[/error],produces=[text/html]}" onto public org.springframework.web.servlet.ModelAndView org.springframework.boot.autoconfigure.web.BasicErrorController.errorHtml(javax.servlet.http.HttpServletRequest,javax.servlet.http.HttpServletResponse)
2019-02-12 09:06:03.374  INFO 99164 --- [main] o.s.w.s.handler.SimpleUrlHandlerMapping  : Mapped URL path [/webjars/**] onto handler of type [class org.springframework.web.servlet.resource.ResourceHttpRequestHandler]
2019-02-12 09:06:03.374  INFO 99164 --- [main] o.s.w.s.handler.SimpleUrlHandlerMapping  : Mapped URL path [/**] onto handler of type [class org.springframework.web.servlet.resource.ResourceHttpRequestHandler]
2019-02-12 09:06:03.465  INFO 99164 --- [main] o.s.w.s.handler.SimpleUrlHandlerMapping  : Mapped URL path [/**/favicon.ico] onto handler of type [class org.springframework.web.servlet.resource.ResourceHttpRequestHandler]
2019-02-12 09:06:04.578  INFO 99164 --- [main] o.s.b.a.e.mvc.EndpointHandlerMapping     : Mapped "{[/dump || /dump.json],methods=[GET],produces=[application/vnd.spring-boot.actuator.v1+json || application/json]}" onto public java.lang.Object org.springframework.boot.actuate.endpoint.mvc.EndpointMvcAdapter.invoke()
2019-02-12 09:06:04.579  INFO 99164 --- [main] o.s.b.a.e.mvc.EndpointHandlerMapping     : Mapped "{[/metrics/{name:.*}],methods=[GET],produces=[application/vnd.spring-boot.actuator.v1+json || application/json]}" onto public java.lang.Object org.springframework.boot.actuate.endpoint.mvc.MetricsMvcEndpoint.value(java.lang.String)
2019-02-12 09:06:04.579  INFO 99164 --- [main] o.s.b.a.e.mvc.EndpointHandlerMapping     : Mapped "{[/metrics || /metrics.json],methods=[GET],produces=[application/vnd.spring-boot.actuator.v1+json || application/json]}" onto public java.lang.Object org.springframework.boot.actuate.endpoint.mvc.EndpointMvcAdapter.invoke()
2019-02-12 09:06:04.580  INFO 99164 --- [main] o.s.b.a.e.mvc.EndpointHandlerMapping     : Mapped "{[/env/{name:.*}],methods=[GET],produces=[application/vnd.spring-boot.actuator.v1+json || application/json]}" onto public java.lang.Object org.springframework.boot.actuate.endpoint.mvc.EnvironmentMvcEndpoint.value(java.lang.String)
2019-02-12 09:06:04.580  INFO 99164 --- [main] o.s.b.a.e.mvc.EndpointHandlerMapping     : Mapped "{[/env || /env.json],methods=[GET],produces=[application/vnd.spring-boot.actuator.v1+json || application/json]}" onto public java.lang.Object org.springframework.boot.actuate.endpoint.mvc.EndpointMvcAdapter.invoke()
2019-02-12 09:06:04.581  INFO 99164 --- [main] o.s.b.a.e.mvc.EndpointHandlerMapping     : Mapped "{[/health || /health.json],methods=[GET],produces=[application/vnd.spring-boot.actuator.v1+json || application/json]}" onto public java.lang.Object org.springframework.boot.actuate.endpoint.mvc.HealthMvcEndpoint.invoke(javax.servlet.http.HttpServletRequest,java.security.Principal)
2019-02-12 09:06:04.582  INFO 99164 --- [main] o.s.b.a.e.mvc.EndpointHandlerMapping     : Mapped "{[/heapdump || /heapdump.json],methods=[GET],produces=[application/octet-stream]}" onto public void org.springframework.boot.actuate.endpoint.mvc.HeapdumpMvcEndpoint.invoke(boolean,javax.servlet.http.HttpServletRequest,javax.servlet.http.HttpServletResponse) throws java.io.IOException,javax.servlet.ServletException
2019-02-12 09:06:04.583  INFO 99164 --- [main] o.s.b.a.e.mvc.EndpointHandlerMapping     : Mapped "{[/beans || /beans.json],methods=[GET],produces=[application/vnd.spring-boot.actuator.v1+json || application/json]}" onto public java.lang.Object org.springframework.boot.actuate.endpoint.mvc.EndpointMvcAdapter.invoke()
2019-02-12 09:06:04.584  INFO 99164 --- [main] o.s.b.a.e.mvc.EndpointHandlerMapping     : Mapped "{[/logfile || /logfile.json],methods=[GET || HEAD]}" onto public void org.springframework.boot.actuate.endpoint.mvc.LogFileMvcEndpoint.invoke(javax.servlet.http.HttpServletRequest,javax.servlet.http.HttpServletResponse) throws javax.servlet.ServletException,java.io.IOException
2019-02-12 09:06:04.585  INFO 99164 --- [main] o.s.b.a.e.mvc.EndpointHandlerMapping     : Mapped "{[/auditevents || /auditevents.json],methods=[GET],produces=[application/vnd.spring-boot.actuator.v1+json || application/json]}" onto public org.springframework.http.ResponseEntity<?> org.springframework.boot.actuate.endpoint.mvc.AuditEventsMvcEndpoint.findByPrincipalAndAfterAndType(java.lang.String,java.util.Date,java.lang.String)
2019-02-12 09:06:04.588  INFO 99164 --- [main] o.s.b.a.e.mvc.EndpointHandlerMapping     : Mapped "{[/mappings || /mappings.json],methods=[GET],produces=[application/vnd.spring-boot.actuator.v1+json || application/json]}" onto public java.lang.Object org.springframework.boot.actuate.endpoint.mvc.EndpointMvcAdapter.invoke()
2019-02-12 09:06:04.589  INFO 99164 --- [main] o.s.b.a.e.mvc.EndpointHandlerMapping     : Mapped "{[/configprops || /configprops.json],methods=[GET],produces=[application/vnd.spring-boot.actuator.v1+json || application/json]}" onto public java.lang.Object org.springframework.boot.actuate.endpoint.mvc.EndpointMvcAdapter.invoke()
2019-02-12 09:06:04.590  INFO 99164 --- [main] o.s.b.a.e.mvc.EndpointHandlerMapping     : Mapped "{[/trace || /trace.json],methods=[GET],produces=[application/vnd.spring-boot.actuator.v1+json || application/json]}" onto public java.lang.Object org.springframework.boot.actuate.endpoint.mvc.EndpointMvcAdapter.invoke()
2019-02-12 09:06:04.590  INFO 99164 --- [main] o.s.b.a.e.mvc.EndpointHandlerMapping     : Mapped "{[/autoconfig || /autoconfig.json],methods=[GET],produces=[application/vnd.spring-boot.actuator.v1+json || application/json]}" onto public java.lang.Object org.springframework.boot.actuate.endpoint.mvc.EndpointMvcAdapter.invoke()
2019-02-12 09:06:04.592  INFO 99164 --- [main] o.s.b.a.e.mvc.EndpointHandlerMapping     : Mapped "{[/loggers/{name:.*}],methods=[GET],produces=[application/vnd.spring-boot.actuator.v1+json || application/json]}" onto public java.lang.Object org.springframework.boot.actuate.endpoint.mvc.LoggersMvcEndpoint.get(java.lang.String)
2019-02-12 09:06:04.592  INFO 99164 --- [main] o.s.b.a.e.mvc.EndpointHandlerMapping     : Mapped "{[/loggers/{name:.*}],methods=[POST],consumes=[application/vnd.spring-boot.actuator.v1+json || application/json],produces=[application/vnd.spring-boot.actuator.v1+json || application/json]}" onto public java.lang.Object org.springframework.boot.actuate.endpoint.mvc.LoggersMvcEndpoint.set(java.lang.String,java.util.Map<java.lang.String, java.lang.String>)
2019-02-12 09:06:04.593  INFO 99164 --- [main] o.s.b.a.e.mvc.EndpointHandlerMapping     : Mapped "{[/loggers || /loggers.json],methods=[GET],produces=[application/vnd.spring-boot.actuator.v1+json || application/json]}" onto public java.lang.Object org.springframework.boot.actuate.endpoint.mvc.EndpointMvcAdapter.invoke()
2019-02-12 09:06:04.593  INFO 99164 --- [main] o.s.b.a.e.mvc.EndpointHandlerMapping     : Mapped "{[/info || /info.json],methods=[GET],produces=[application/vnd.spring-boot.actuator.v1+json || application/json]}" onto public java.lang.Object org.springframework.boot.actuate.endpoint.mvc.EndpointMvcAdapter.invoke()
2019-02-12 09:06:05.154  INFO 99164 --- [main] o.s.j.e.a.AnnotationMBeanExporter        : Registering beans for JMX exposure on startup
2019-02-12 09:06:05.167  INFO 99164 --- [main] o.s.c.support.DefaultLifecycleProcessor  : Starting beans in phase 0
2019-02-12 09:06:05.273  INFO 99164 --- [main] o.e.j.s.h.ContextHandler.application     : Initializing Spring FrameworkServlet 'dispatcherServlet'
2019-02-12 09:06:05.273  INFO 99164 --- [main] o.s.web.servlet.DispatcherServlet        : FrameworkServlet 'dispatcherServlet': initialization started
2019-02-12 09:06:05.298  INFO 99164 --- [main] o.s.web.servlet.DispatcherServlet        : FrameworkServlet 'dispatcherServlet': initialization completed in 25 ms
2019-02-12 09:06:05.314  INFO 99164 --- [main] org.mortbay.log                          : Logging to Logger[org.mortbay.log] via org.mortbay.log.Slf4jLog
2019-02-12 09:06:05.416  INFO 99164 --- [main] o.e.jetty.server.AbstractConnector       : Started ServerConnector@337eeceb{HTTP/1.1,[http/1.1]}{0.0.0.0:8888}
2019-02-12 09:06:05.419  INFO 99164 --- [main] .s.b.c.e.j.JettyEmbeddedServletContainer : Jetty started on port(s) 8888 (http/1.1)
2019-02-12 09:06:05.430  INFO 99164 --- [main] com.lianyihui.hongdong.Application       : Started Application in 20.549 seconds (JVM running for 27.034)
2019-02-12 09:06:46.712  INFO 99164 --- [qtp1214032527-50] o.h.h.i.QueryTranslatorFactoryInitiator  : HHH000397: Using ASTQueryTranslatorFactory
